<?xml version="1.0" encoding="UTF-8"?>
<!-- Generated by org.testng.reporters.JUnitReportReporter -->
<testsuite hostname="DESKTOP-32NKH3D" failures="0" tests="1" name="com.cjc.MTLogin" time="4.018" errors="0" timestamp="2022-06-15T14:00:44 IST" skipped="0">
  <testcase classname="com.cjc.MTLogin" name="loginwithValidDetails" time="4.018"/>
  <system-out/>
</testsuite> <!-- com.cjc.MTLogin -->
